<?xml version="1.0" encoding="UTF-8"?>
<!-- Generated by org.testng.reporters.JUnitReportReporter -->
<testsuite skipped="0" hostname="DESKTOP-R" name="qaclickacademynumber2.RESTAPITest" tests="2" failures="0" timestamp="18 jul 2021 18:11:52 GMT" time="0.000" errors="0">
  <testcase name="deleteTwitter" time="0.000" classname="qaclickacademynumber2.RESTAPITest"/>
  <testcase name="postJira" time="0.000" classname="qaclickacademynumber2.RESTAPITest"/>
</testsuite> <!-- qaclickacademynumber2.RESTAPITest -->
