<?xml version="1.0" encoding="UTF-8"?>
<!-- Generated by org.testng.reporters.JUnitReportReporter -->
<testsuite skipped="0" hostname="DESKTOP-R" name="qaclickacademynumber2.AppiumTest" tests="2" failures="0" timestamp="18 jul 2021 18:11:52 GMT" time="0.001" errors="0">
  <testcase name="IOSApps" time="0.000" classname="qaclickacademynumber2.AppiumTest"/>
  <testcase name="NativeAppAndroid" time="0.001" classname="qaclickacademynumber2.AppiumTest"/>
</testsuite> <!-- qaclickacademynumber2.AppiumTest -->
