<?xml version="1.0" encoding="UTF-8"?>
<!-- Generated by org.testng.reporters.JUnitReportReporter -->
<testsuite skipped="0" hostname="DESKTOP-R" name="qaclickacademynumber2.SeleniumTest" tests="2" failures="0" timestamp="18 jul 2021 18:11:52 GMT" time="0.006" errors="0">
  <testcase name="BrowserAutomation" time="0.006" classname="qaclickacademynumber2.SeleniumTest"/>
  <testcase name="elementsUi" time="0.000" classname="qaclickacademynumber2.SeleniumTest"/>
</testsuite> <!-- qaclickacademynumber2.SeleniumTest -->
